[     -11ms] [LOG] 🔌 Enhancing navigation with Capacitor plugins... @ https://portal.salla.partners/capacitor-plugins.js:0
[      -9ms] [LOG] 📱 Single-spa native header disabled - Layout MF handles header now @ https://portal.salla.partners/native-header.js:0
[      -9ms] [LOG] 📱 Single-spa mobile nav disabled - Layout MF handles mobile nav now @ https://portal.salla.partners/native-mobile-nav.js:0
[     302ms] [WARNING] A preload for 'https://unpkg.com/single-spa@5.9.0/lib/umd/single-spa.min.js' is found, but is not used because the request credentials mode does not match. Consider taking a look at crossorigin attribute. @ https://cdn.jsdelivr.net/npm/systemjs@6.8.3/dist/system.min.js:3
[     318ms] [LOG] 🚀 Portal root config file loaded! @ https://cdn.assets.salla.network/prod/@salla.sa/portal/v0.214.0/portal-root-config.js:0
[     318ms] [LOG] 🔍 Checking environment... @ https://cdn.assets.salla.network/prod/@salla.sa/portal/v0.214.0/portal-root-config.js:0
[     318ms] [LOG] 🔍 sharedEnv: {DEVPORTAL_API_URL: https://api.salla.dev/partners/v1/, EXPERTS_API_URL: https://api.salla.dev/experts/v1/, AFFILIATES_API_URL: https://api.salla.dev/marketing/v1/, ACCESS_ID: undefined, ACCESS_SECRET: undefined} @ https://cdn.assets.salla.network/prod/@salla.sa/portal/v0.214.0/portal-root-config.js:0
[     319ms] [LOG] === PORTAL ROOT CONFIG DEBUG === @ https://cdn.assets.salla.network/prod/@salla.sa/portal/v0.214.0/portal-root-config.js:0
[     319ms] [LOG] hostname: portal.salla.partners @ https://cdn.assets.salla.network/prod/@salla.sa/portal/v0.214.0/portal-root-config.js:0
[     319ms] [LOG] isLocalDevelopment: false @ https://cdn.assets.salla.network/prod/@salla.sa/portal/v0.214.0/portal-root-config.js:0
[     319ms] [LOG] DEPLOY_ENV: production @ https://cdn.assets.salla.network/prod/@salla.sa/portal/v0.214.0/portal-root-config.js:0
[     319ms] [LOG] window.__SALLA_ENV: undefined @ https://cdn.assets.salla.network/prod/@salla.sa/portal/v0.214.0/portal-root-config.js:0
[     319ms] [LOG] sharedEnv.ENV: production @ https://cdn.assets.salla.network/prod/@salla.sa/portal/v0.214.0/portal-root-config.js:0
[     319ms] [LOG] ================================= @ https://cdn.assets.salla.network/prod/@salla.sa/portal/v0.214.0/portal-root-config.js:0
[     840ms] [LOG] Setting up Capacitor interceptor for axios instance {isNativePlatform: false, config: Object} @ https://cdn.assets.salla.network/prod/@portal/utils/v0.0.277/partners-utils.js:1
[    1321ms] [LOG] 🔌 Enhancing navigation with Capacitor plugins... @ https://cdn.assets.salla.network/prod/@salla.sa/layout-mf/v0.0.201/app.js:222
[    2981ms] [WARNING] The resource https://unpkg.com/single-spa@5.9.0/lib/umd/single-spa.min.js was preloaded using link preload but not used within a few seconds from the window's load event. Please make sure it has an appropriate `as` value and it is preloaded intentionally. @ https://portal.salla.partners/email-sent:0
[    6040ms] [ERROR] Failed to load resource: net::ERR_NAME_NOT_RESOLVED @ https://s.salla.dev/api/28/envelope/?sentry_key=e0cfc6cbd2764e03b097d99cc5a85dec&sentry_version=7:0
[   10040ms] [INFO] Loaded successful @ https://cdn.assets.salla.network/prod/@salla.sa/layout-mf/v0.0.201/app.js:222
[   21807ms] [WARNING] [Intercom] The App ID in your code snippet has not been set. Set it to your App ID found in settings to complete installation: https://app.intercom.com/a/apps/_/settings/web @ https://js.intercomcdn.com/frame-modern.2417c57c.js:0
[   23395ms] [WARNING] [Meta pixel] 441914779775405 is unavailable on this website due to it's traffic permission settings. Go to https://www.facebook.com/business/help/572690630080597 to learn more. @ https://cdn.assets.salla.network/prod/@salla.sa/layout-mf/v0.0.201/app.js:222
[   33251ms] [WARNING] The resource https://unpkg.com/single-spa@5.9.0/lib/umd/single-spa.min.js was preloaded using link preload but not used within a few seconds from the window's load event. Please make sure it has an appropriate `as` value and it is preloaded intentionally. @ https://portal.salla.partners/email-sent:0
[   42708ms] [WARNING] The resource https://unpkg.com/single-spa@5.9.0/lib/umd/single-spa.min.js was preloaded using link preload but not used within a few seconds from the window's load event. Please make sure it has an appropriate `as` value and it is preloaded intentionally. @ https://portal.salla.partners/email-sent:0
[  333966ms] [WARNING] The resource https://unpkg.com/single-spa@5.9.0/lib/umd/single-spa.min.js was preloaded using link preload but not used within a few seconds from the window's load event. Please make sure it has an appropriate `as` value and it is preloaded intentionally. @ https://portal.salla.partners/email-sent:0
[  631171ms] [WARNING] The resource https://unpkg.com/single-spa@5.9.0/lib/umd/single-spa.min.js was preloaded using link preload but not used within a few seconds from the window's load event. Please make sure it has an appropriate `as` value and it is preloaded intentionally. @ https://portal.salla.partners/email-sent:0
